<?xml version="1.0" encoding="UTF-8"?>
<testng-results ignored="0" total="1" passed="1" failed="0" skipped="0">
  <reporter-output>
  </reporter-output>
  <suite started-at="2021-11-03T03:36:36Z" name="Default suite" finished-at="2021-11-03T03:36:49Z" duration-ms="13586">
    <groups>
    </groups>
    <test started-at="2021-11-03T03:36:36Z" name="Default test" finished-at="2021-11-03T03:36:49Z" duration-ms="13586">
      <class name="com.MyFramework.testcases.LoginTest">
        <test-method signature="startWebApplication()[pri:0, instance:com.MyFramework.testcases.LoginTest@5824a83d]" started-at="2021-11-03T09:06:36Z" name="startWebApplication" finished-at="2021-11-03T09:06:49Z" duration-ms="13543" status="PASS">
          <reporter-output>
          </reporter-output>
        </test-method> <!-- startWebApplication -->
      </class> <!-- com.MyFramework.testcases.LoginTest -->
    </test> <!-- Default test -->
  </suite> <!-- Default suite -->
</testng-results>
